Build started 21/9/2563 20:25:14.
     1>Project "D:\tong\struc\linklist1\linklist1\linklist1.vcxproj" on node 2 (build target(s)).
     1>InitializeBuildStatus:
         Creating "Debug\linklist1.unsuccessfulbuild" because "AlwaysCreate" was specified.
       ClCompile:
         C:\Program Files (x86)\Microsoft Visual Studio 10.0\VC\bin\CL.exe /c /ZI /nologo /W3 /WX- /Od /Oy- /D WIN32 /D _DEBUG /D _CONSOLE /D _UNICODE /D UNICODE /Gm /EHsc /RTC1 /MDd /GS /fp:precise /Zc:wchar_t /Zc:forScope /Fo"Debug\\" /Fd"Debug\vc100.pdb" /Gd /TP /analyze- /errorReport:prompt linklist.cpp
         linklist.cpp
     1>d:\tong\struc\linklist1\linklist1\linklist.cpp(35): warning C4172: returning address of local variable or temporary
                 d:\tong\struc\linklist1\linklist1\linklist.cpp(33) : while compiling class template member function 'const int &ListItr<Object>::retrieve(void) const'
                 with
                 [
                     Object=int
                 ]
                 d:\tong\struc\linklist1\linklist1\linklist.cpp(182) : see reference to class template instantiation 'ListItr<Object>' being compiled
                 with
                 [
                     Object=int
                 ]
       ManifestResourceCompile:
         C:\Program Files (x86)\Microsoft SDKs\Windows\v7.0A\bin\rc.exe /nologo /fo"Debug\linklist1.exe.embed.manifest.res" Debug\linklist1_manifest.rc 
       Link:
         C:\Program Files (x86)\Microsoft Visual Studio 10.0\VC\bin\link.exe /ERRORREPORT:PROMPT /OUT:"D:\tong\struc\linklist1\Debug\linklist1.exe" /INCREMENTAL /NOLOGO kernel32.lib user32.lib gdi32.lib winspool.lib comdlg32.lib advapi32.lib shell32.lib ole32.lib oleaut32.lib uuid.lib odbc32.lib odbccp32.lib /MANIFEST /ManifestFile:"Debug\linklist1.exe.intermediate.manifest" /MANIFESTUAC:"level='asInvoker' uiAccess='false'" /DEBUG /PDB:"D:\tong\struc\linklist1\Debug\linklist1.pdb" /SUBSYSTEM:CONSOLE /TLBID:1 /DYNAMICBASE /NXCOMPAT /IMPLIB:"D:\tong\struc\linklist1\Debug\linklist1.lib" /MACHINE:X86 Debug\linklist1.exe.embed.manifest.res
         Debug\linklist.obj
       Manifest:
         Deleting file "Debug\linklist1.exe.embed.manifest".
         C:\Program Files (x86)\Microsoft SDKs\Windows\v7.0A\bin\mt.exe /nologo /verbose /out:"Debug\linklist1.exe.embed.manifest" /manifest Debug\linklist1.exe.intermediate.manifest
         C:\Program Files (x86)\Microsoft SDKs\Windows\v7.0A\bin\rc.exe /nologo /fo"Debug\linklist1.exe.embed.manifest.res" Debug\linklist1_manifest.rc 
       LinkEmbedManifest:
         C:\Program Files (x86)\Microsoft Visual Studio 10.0\VC\bin\link.exe /ERRORREPORT:PROMPT /OUT:"D:\tong\struc\linklist1\Debug\linklist1.exe" /INCREMENTAL /NOLOGO kernel32.lib user32.lib gdi32.lib winspool.lib comdlg32.lib advapi32.lib shell32.lib ole32.lib oleaut32.lib uuid.lib odbc32.lib odbccp32.lib /MANIFEST /ManifestFile:"Debug\linklist1.exe.intermediate.manifest" /MANIFESTUAC:"level='asInvoker' uiAccess='false'" /DEBUG /PDB:"D:\tong\struc\linklist1\Debug\linklist1.pdb" /SUBSYSTEM:CONSOLE /TLBID:1 /DYNAMICBASE /NXCOMPAT /IMPLIB:"D:\tong\struc\linklist1\Debug\linklist1.lib" /MACHINE:X86 Debug\linklist1.exe.embed.manifest.res
         Debug\linklist.obj
         linklist1.vcxproj -> D:\tong\struc\linklist1\Debug\linklist1.exe
       FinalizeBuildStatus:
         Deleting file "Debug\linklist1.unsuccessfulbuild".
         Touching "Debug\linklist1.lastbuildstate".
     1>Done Building Project "D:\tong\struc\linklist1\linklist1\linklist1.vcxproj" (build target(s)).

Build succeeded.

Time Elapsed 00:00:02.42
